<?xml version="1.0" encoding="UTF-8"?>
<!-- Generated by org.testng.reporters.JUnitReportReporter -->
<testsuite hostname="glb-d0819" name="com.globantu.automation.marcos_irisarri.NewTest" tests="1" failures="0" timestamp="16 Jan 2017 15:49:15 GMT" time="6,579" errors="0">
  <testcase name="f" time="6,579" classname="com.globantu.automation.marcos_irisarri.NewTest"/>
</testsuite> <!-- com.globantu.automation.marcos_irisarri.NewTest -->
